Using pre-set license
Built from '2021.3/staging' branch; Version is '2021.3.20f1 (577897200b8b) revision 5732503'; Using compiler version '192829333'; Build Type 'Release'
OS: 'Windows 11  (10.0.22631) 64bit Core' Language: 'zh' Physical Memory: 16226 MB
BatchMode: 1, IsHumanControllingUs: 0, StartBugReporterOnCrash: 0, Is64bit: 1, IsPro: 1

COMMAND LINE ARGUMENTS:
C:\Program Files\Unity\Hub\Editor\2021.3.20f1\Editor\Unity.exe
-adb2
-batchMode
-noUpm
-name
AssetImportWorker2
-projectPath
C:/Users/User/OneDrive - 國立臺中科技大學/桌面/2024edu/Chemical2024
-logFile
Logs/AssetImportWorker2.log
-srvPort
51640
Successfully changed project path to: C:/Users/User/OneDrive - 國立臺中科技大學/桌面/2024edu/Chemical2024
C:/Users/User/OneDrive - 國立臺中科技大學/桌面/2024edu/Chemical2024
[UnityMemory] Configuration Parameters - Can be set up in boot.config
    "memorysetup-bucket-allocator-granularity=16"
    "memorysetup-bucket-allocator-bucket-count=8"
    "memorysetup-bucket-allocator-block-size=33554432"
    "memorysetup-bucket-allocator-block-count=8"
    "memorysetup-main-allocator-block-size=16777216"
    "memorysetup-thread-allocator-block-size=16777216"
    "memorysetup-gfx-main-allocator-block-size=16777216"
    "memorysetup-gfx-thread-allocator-block-size=16777216"
    "memorysetup-cache-allocator-block-size=4194304"
    "memorysetup-typetree-allocator-block-size=2097152"
    "memorysetup-profiler-bucket-allocator-granularity=16"
    "memorysetup-profiler-bucket-allocator-bucket-count=8"
    "memorysetup-profiler-bucket-allocator-block-size=33554432"
    "memorysetup-profiler-bucket-allocator-block-count=8"
    "memorysetup-profiler-allocator-block-size=16777216"
    "memorysetup-profiler-editor-allocator-block-size=1048576"
    "memorysetup-temp-allocator-size-main=16777216"
    "memorysetup-job-temp-allocator-block-size=2097152"
    "memorysetup-job-temp-allocator-block-size-background=1048576"
    "memorysetup-job-temp-allocator-reduction-small-platforms=262144"
    "memorysetup-temp-allocator-size-background-worker=32768"
    "memorysetup-temp-allocator-size-job-worker=262144"
    "memorysetup-temp-allocator-size-preload-manager=33554432"
    "memorysetup-temp-allocator-size-nav-mesh-worker=65536"
    "memorysetup-temp-allocator-size-audio-worker=65536"
    "memorysetup-temp-allocator-size-cloud-worker=32768"
    "memorysetup-temp-allocator-size-gi-baking-worker=262144"
    "memorysetup-temp-allocator-size-gfx=262144"
Player connection [8052] Host "[IP] 192.168.56.1 [Port] 0 [Flags] 2 [Guid] 2436147336 [EditorId] 2436147336 [Version] 1048832 [Id] WindowsEditor(7,Shuo) [Debug] 1 [PackageName] WindowsEditor [ProjectName] Editor" joined multi-casting on [225.0.0.222:54997]...

Player connection [8052] Host "[IP] 192.168.56.1 [Port] 0 [Flags] 2 [Guid] 2436147336 [EditorId] 2436147336 [Version] 1048832 [Id] WindowsEditor(7,Shuo) [Debug] 1 [PackageName] WindowsEditor [ProjectName] Editor" joined alternative multi-casting on [225.0.0.222:34997]...

Refreshing native plugins compatible for Editor in 190.73 ms, found 16 plugins.
Preloading 1 native plugins for Editor in 0.62 ms.
Initialize engine version: 2021.3.20f1 (577897200b8b)
[Subsystems] Discovering subsystems at path C:/Program Files/Unity/Hub/Editor/2021.3.20f1/Editor/Data/Resources/UnitySubsystems
[Subsystems] Discovering subsystems at path C:/Users/User/OneDrive - 國立臺中科技大學/桌面/2024edu/Chemical2024/Assets
[Subsystems] No descriptors matched for  examples in Assets/MeshingFeaturePlugin/UnitySubsystemsManifest.json.
[Subsystems] No descriptors matched for  inputs in Assets/MeshingFeaturePlugin/UnitySubsystemsManifest.json.
[Subsystems] No descriptors matched for  displays in Assets/MeshingFeaturePlugin/UnitySubsystemsManifest.json.
[Subsystems] 1 'meshings' descriptors matched in Assets/MeshingFeaturePlugin/UnitySubsystemsManifest.json
GfxDevice: creating device client; threaded=0; jobified=0
Direct3D:
    Version:  Direct3D 11.0 [level 11.1]
    Renderer: NVIDIA GeForce GTX 1050 (ID=0x1c91)
    Vendor:   NVIDIA
    VRAM:     2981 MB
    Driver:   31.0.15.5244
Initialize mono
Mono path[0] = 'C:/Program Files/Unity/Hub/Editor/2021.3.20f1/Editor/Data/Managed'
Mono path[1] = 'C:/Program Files/Unity/Hub/Editor/2021.3.20f1/Editor/Data/MonoBleedingEdge/lib/mono/unityjit-win32'
Mono config path = 'C:/Program Files/Unity/Hub/Editor/2021.3.20f1/Editor/Data/MonoBleedingEdge/etc'
Using monoOptions --debugger-agent=transport=dt_socket,embedding=1,server=y,suspend=n,address=127.0.0.1:56880
Begin MonoManager ReloadAssembly
Registering precompiled unity dll's ...
Register platform support module: C:/Program Files/Unity/Hub/Editor/2021.3.20f1/Editor/Data/PlaybackEngines/AndroidPlayer/UnityEditor.Android.Extensions.dll
Register platform support module: C:/Program Files/Unity/Hub/Editor/2021.3.20f1/Editor/Data/PlaybackEngines/WindowsStandaloneSupport/UnityEditor.WindowsStandalone.Extensions.dll
Registered in 0.005375 seconds.
Native extension for WindowsStandalone target not found
Native extension for Android target not found
Android Extension - Scanning For ADB Devices 357 ms
Refreshing native plugins compatible for Editor in 147.95 ms, found 16 plugins.
Preloading 1 native plugins for Editor in 0.09 ms.
Mono: successfully reloaded assembly
- Completed reload, in  1.286 seconds
Domain Reload Profiling:
	ReloadAssembly (1287ms)
		BeginReloadAssembly (108ms)
			ExecutionOrderSort (0ms)
			DisableScriptedObjects (0ms)
			BackupInstance (0ms)
			ReleaseScriptingObjects (0ms)
			CreateAndSetChildDomain (1ms)
		EndReloadAssembly (1070ms)
			LoadAssemblies (107ms)
			RebuildTransferFunctionScriptingTraits (0ms)
			SetupTypeCache (149ms)
			ReleaseScriptCaches (0ms)
			RebuildScriptCaches (41ms)
			SetupLoadedEditorAssemblies (798ms)
				LogAssemblyErrors (0ms)
				InitializePlatformSupportModulesInManaged (435ms)
				SetLoadedEditorAssemblies (0ms)
				RefreshPlugins (148ms)
				BeforeProcessingInitializeOnLoad (1ms)
				ProcessInitializeOnLoadAttributes (157ms)
				ProcessInitializeOnLoadMethodAttributes (56ms)
				AfterProcessingInitializeOnLoad (0ms)
				EditorAssembliesLoaded (0ms)
			ExecutionOrderSort2 (0ms)
			AwakeInstancesAfterBackupRestoration (0ms)
Platform modules already initialized, skipping
Registering precompiled user dll's ...
Registered in 0.018805 seconds.
Begin MonoManager ReloadAssembly
Native extension for WindowsStandalone target not found
Native extension for Android target not found
Refreshing native plugins compatible for Editor in 175.29 ms, found 16 plugins.
Preloading 1 native plugins for Editor in 0.08 ms.
System.Exception: Error! Visual Scripting: couldn't find visual scripting package
  at Unity.VisualScripting.PackageVersionUtility.get_version () [0x00043] in C:\Users\User\OneDrive - 國立臺中科技大學\桌面\2024edu\Chemical2024\Library\PackageCache\com.unity.visualscripting@1.9.1\Editor\VisualScripting.Core\Utilities\PackageVersionUtility.cs:31 
  at Unity.VisualScripting.BoltCoreManifest.get_version () [0x00000] in C:\Users\User\OneDrive - 國立臺中科技大學\桌面\2024edu\Chemical2024\Library\PackageCache\com.unity.visualscripting@1.9.1\Editor\VisualScripting.Core\Plugin\BoltCoreManifest.cs:11 
  at Unity.VisualScripting.PluginManifest.get_currentVersion () [0x00000] in C:\Users\User\OneDrive - 國立臺中科技大學\桌面\2024edu\Chemical2024\Library\PackageCache\com.unity.visualscripting@1.9.1\Editor\VisualScripting.Core\Plugins\PluginManifest.cs:33 
  at Unity.VisualScripting.PluginManifest.get_versionMismatch () [0x00000] in C:\Users\User\OneDrive - 國立臺中科技大學\桌面\2024edu\Chemical2024\Library\PackageCache\com.unity.visualscripting@1.9.1\Editor\VisualScripting.Core\Plugins\PluginManifest.cs:48 
  at Unity.VisualScripting.PluginContainer.Initialize () [0x00525] in C:\Users\User\OneDrive - 國立臺中科技大學\桌面\2024edu\Chemical2024\Library\PackageCache\com.unity.visualscripting@1.9.1\Editor\VisualScripting.Core\Plugins\PluginContainer.cs:208 
  at Unity.VisualScripting.PluginContainer.InitializeOnLoad () [0x00009] in C:\Users\User\OneDrive - 國立臺中科技大學\桌面\2024edu\Chemical2024\Library\PackageCache\com.unity.visualscripting@1.9.1\Editor\VisualScripting.Core\Plugins\PluginContainer.cs:32 
  at Unity.VisualScripting.VSUsageUtility.DoInitializeOnLoadCalls () [0x00034] in C:\Users\User\OneDrive - 國立臺中科技大學\桌面\2024edu\Chemical2024\Library\PackageCache\com.unity.visualscripting@1.9.1\Editor\VisualScripting.Core\Utilities\VSUsageUtility.cs:76 
  at Unity.VisualScripting.VSUsageUtility.set_isVisualScriptingUsed (System.Boolean value) [0x0002c] in C:\Users\User\OneDrive - 國立臺中科技大學\桌面\2024edu\Chemical2024\Library\PackageCache\com.unity.visualscripting@1.9.1\Editor\VisualScripting.Core\Utilities\VSUsageUtility.cs:114 
  at Unity.VisualScripting.VSUsageUtility.CheckAndSetIsVisualScriptingUsed () [0x00032] in C:\Users\User\OneDrive - 國立臺中科技大學\桌面\2024edu\Chemical2024\Library\PackageCache\com.unity.visualscripting@1.9.1\Editor\VisualScripting.Core\Utilities\VSUsageUtility.cs:48 
  at Unity.VisualScripting.VSUsageUtility..cctor () [0x00000] in C:\Users\User\OneDrive - 國立臺中科技大學\桌面\2024edu\Chemical2024\Library\PackageCache\com.unity.visualscripting@1.9.1\Editor\VisualScripting.Core\Utilities\VSUsageUtility.cs:22 
UnityEngine.StackTraceUtility:ExtractStackTrace ()
UnityEngine.DebugLogHandler:LogFormat (UnityEngine.LogType,UnityEngine.Object,string,object[])
UnityEngine.Logger:Log (UnityEngine.LogType,object)
UnityEngine.Debug:LogError (object)
UnityEditor.EditorAssemblies:ProcessInitializeOnLoadAttributes (System.Type[])

Package Manager log level set to [2]
System.Reflection.TargetInvocationException: Exception has been thrown by the target of an invocation. ---> System.NullReferenceException: Object reference not set to an instance of an object
  at Unity.XR.Oculus.OculusLoader.AssetPathToAbsolutePath (System.String assetPath) [0x0003d] in C:\Users\User\OneDrive - 國立臺中科技大學\桌面\2024edu\Chemical2024\Library\PackageCache\com.unity.xr.oculus@3.2.3\Runtime\OculusLoader.cs:296 
  at Unity.XR.Oculus.OculusLoader.EditorLoadOVRPlugin () [0x0007b] in C:\Users\User\OneDrive - 國立臺中科技大學\桌面\2024edu\Chemical2024\Library\PackageCache\com.unity.xr.oculus@3.2.3\Runtime\OculusLoader.cs:281 
  at (wrapper managed-to-native) System.Reflection.RuntimeMethodInfo.InternalInvoke(System.Reflection.RuntimeMethodInfo,object,object[],System.Exception&)
  at System.Reflection.RuntimeMethodInfo.Invoke (System.Object obj, System.Reflection.BindingFlags invokeAttr, System.Reflection.Binder binder, System.Object[] parameters, System.Globalization.CultureInfo culture) [0x0006a] in <88e4733ac7bc4ae1b496735e6b83bbd3>:0 
   --- End of inner exception stack trace ---
  at System.Reflection.RuntimeMethodInfo.Invoke (System.Object obj, System.Reflection.BindingFlags invokeAttr, System.Reflection.Binder binder, System.Object[] parameters, System.Globalization.CultureInfo culture) [0x00083] in <88e4733ac7bc4ae1b496735e6b83bbd3>:0 
  at System.Reflection.MethodBase.Invoke (System.Object obj, System.Object[] parameters) [0x00000] in <88e4733ac7bc4ae1b496735e6b83bbd3>:0 
  at UnityEditor.EditorAssemblies.ProcessInitializeOnLoadMethodAttributes () [0x000a5] in <6e08e61cfda04255b3972ba7f0515fae>:0 
UnityEngine.StackTraceUtility:ExtractStackTrace ()
UnityEngine.DebugLogHandler:LogFormat (UnityEngine.LogType,UnityEngine.Object,string,object[])
UnityEngine.Logger:Log (UnityEngine.LogType,object)
UnityEngine.Debug:LogError (object)
UnityEditor.EditorAssemblies:ProcessInitializeOnLoadMethodAttributes ()

Mono: successfully reloaded assembly
- Completed reload, in  2.297 seconds
Domain Reload Profiling:
	ReloadAssembly (2299ms)
		BeginReloadAssembly (124ms)
			ExecutionOrderSort (0ms)
			DisableScriptedObjects (7ms)
			BackupInstance (0ms)
			ReleaseScriptingObjects (0ms)
			CreateAndSetChildDomain (19ms)
		EndReloadAssembly (2057ms)
			LoadAssemblies (112ms)
			RebuildTransferFunctionScriptingTraits (0ms)
			SetupTypeCache (440ms)
			ReleaseScriptCaches (1ms)
			RebuildScriptCaches (121ms)
			SetupLoadedEditorAssemblies (1274ms)
				LogAssemblyErrors (0ms)
				InitializePlatformSupportModulesInManaged (21ms)
				SetLoadedEditorAssemblies (0ms)
				RefreshPlugins (175ms)
				BeforeProcessingInitializeOnLoad (135ms)
				ProcessInitializeOnLoadAttributes (844ms)
				ProcessInitializeOnLoadMethodAttributes (90ms)
				AfterProcessingInitializeOnLoad (8ms)
				EditorAssembliesLoaded (0ms)
			ExecutionOrderSort2 (0ms)
			AwakeInstancesAfterBackupRestoration (6ms)
Platform modules already initialized, skipping
========================================================================
Worker process is ready to serve import requests
Launched and connected shader compiler UnityShaderCompiler.exe after 0.06 seconds
Refreshing native plugins compatible for Editor in 2.53 ms, found 16 plugins.
Preloading 1 native plugins for Editor in 0.17 ms.
Unloading 4872 Unused Serialized files (Serialized files now loaded: 0)
Unloading 88 unused Assets / (134.1 KB). Loaded Objects now: 5323.
Memory consumption went from 192.3 MB to 192.2 MB.
Total: 33.004200 ms (FindLiveObjects: 0.515500 ms CreateObjectMapping: 0.453900 ms MarkObjects: 31.780100 ms  DeleteObjects: 0.253100 ms)

AssetImportParameters requested are different than current active one (requested -> active):
  custom:video-decoder-ogg-theora: a1e56fd34408186e4bbccfd4996cb3dc -> 
  custom:container-muxer-webm: aa71ff27fc2769a1b78a27578f13a17b -> 
  custom:container-demuxer-webm: 4f35f7cbe854078d1ac9338744f61a02 -> 
  custom:video-encoder-webm-vp8: eb34c28f22e8b96e1ab97ce403110664 -> 
  custom:audio-encoder-webm-vorbis: bf7c407c2cedff20999df2af8eb42d56 -> 
  custom:framework-win-MediaFoundation: 216162199b28c13a410421893ffa2e32 -> 
  custom:container-demuxer-ogg: 62fdf1f143b41e24485cea50d1cbac27 -> 
  custom:video-decoder-webm-vp8: 9c59270c3fd7afecdb556c50c9e8de78 -> 
  custom:audio-decoder-ogg-vorbis: bf7c407c2cedff20999df2af8eb42d56 -> 
========================================================================
Received Import Request.
  Time since last request: 7332.374310 seconds.
  path: Assets/Source/Objects/Dry_cobalt_chloride_paper/Dry_cobalt_chloride_paper.fbx
  artifactKey: Guid(e4f82f908506b59448341ade950767af) Importer(815301076,1909f56bfc062723c751e8b465ee728b)
Start importing Assets/Source/Objects/Dry_cobalt_chloride_paper/Dry_cobalt_chloride_paper.fbx using Guid(e4f82f908506b59448341ade950767af) Importer(815301076,1909f56bfc062723c751e8b465ee728b)  -> (artifact id: 'f665a932d80b6755b7d28efc46a135ea') in 0.266109 seconds 
========================================================================
Received Import Request.
  Time since last request: 0.204838 seconds.
  path: Assets/3_Model/Atom/DWS0503/Fe.fbx
  artifactKey: Guid(a610e41a16aa77049a11013c1bed0f56) Importer(815301076,1909f56bfc062723c751e8b465ee728b)
Start importing Assets/3_Model/Atom/DWS0503/Fe.fbx using Guid(a610e41a16aa77049a11013c1bed0f56) Importer(815301076,1909f56bfc062723c751e8b465ee728b)  -> (artifact id: '3da9d8193155d5be88346d7da106b94c') in 0.041740 seconds 
========================================================================
Received Import Request.
  Time since last request: 0.411741 seconds.
  path: Assets/3_Model/Environment/TestModel/wall.fbx
  artifactKey: Guid(82ae3e2ffd99177489e6a659ef22ff4f) Importer(815301076,1909f56bfc062723c751e8b465ee728b)
Start importing Assets/3_Model/Environment/TestModel/wall.fbx using Guid(82ae3e2ffd99177489e6a659ef22ff4f) Importer(815301076,1909f56bfc062723c751e8b465ee728b)  -> (artifact id: '3c509ba7beff7b76847610b1dbc2d06b') in 0.072576 seconds 
========================================================================
Received Import Request.
  Time since last request: 0.977605 seconds.
  path: Assets/3_Model/Environment/大烘箱/大烘箱 (2).fbx
  artifactKey: Guid(e757bd8aee2b8dc4abd972581a79bb23) Importer(815301076,1909f56bfc062723c751e8b465ee728b)
Start importing Assets/3_Model/Environment/大烘箱/大烘箱 (2).fbx using Guid(e757bd8aee2b8dc4abd972581a79bb23) Importer(815301076,1909f56bfc062723c751e8b465ee728b)  -> (artifact id: 'bb66194e3557c369fd2e11a0d802b12a') in 0.050664 seconds 
========================================================================
Received Import Request.
  Time since last request: 0.199686 seconds.
  path: Assets/3_Model/Environment/實驗桌0602.fbx
  artifactKey: Guid(6441f08213f12ae47a81fd2cb4d6e2eb) Importer(815301076,1909f56bfc062723c751e8b465ee728b)
Start importing Assets/3_Model/Environment/實驗桌0602.fbx using Guid(6441f08213f12ae47a81fd2cb4d6e2eb) Importer(815301076,1909f56bfc062723c751e8b465ee728b)  -> (artifact id: 'ed628022cf92f26f2aa72794b02241a2') in 0.111242 seconds 
========================================================================
Received Import Request.
  Time since last request: 11.923668 seconds.
  path: Assets/3_Model/broken_wood_piece_ud0jdihva_raw/Broken_Wood_Piece_ud0jdihva_Raw.fbx
  artifactKey: Guid(879b8a9d264255a419b8a7995697ce29) Importer(815301076,1909f56bfc062723c751e8b465ee728b)
Start importing Assets/3_Model/broken_wood_piece_ud0jdihva_raw/Broken_Wood_Piece_ud0jdihva_Raw.fbx using Guid(879b8a9d264255a419b8a7995697ce29) Importer(815301076,1909f56bfc062723c751e8b465ee728b)  -> (artifact id: 'a93cdb79fec95664f1d735699cc219f3') in 0.058415 seconds 
========================================================================
Received Import Request.
  Time since last request: 14.777884 seconds.
  path: Assets/3_Model/broken_wood_piece_ud0jdihva_raw/Broken_Wood_Piece_ud0jdihva_Raw.fbx
  artifactKey: Guid(879b8a9d264255a419b8a7995697ce29) Importer(815301076,1909f56bfc062723c751e8b465ee728b)
Start importing Assets/3_Model/broken_wood_piece_ud0jdihva_raw/Broken_Wood_Piece_ud0jdihva_Raw.fbx using Guid(879b8a9d264255a419b8a7995697ce29) Importer(815301076,1909f56bfc062723c751e8b465ee728b)  -> (artifact id: '2182e83d10952fd83c6c24a0aab1e00a') in 0.058764 seconds 
========================================================================
Received Import Request.
  Time since last request: 9.288916 seconds.
  path: Assets/3_Model/broken_wood_piece_ud0jdihva_raw/Broken_Wood_Piece_ud0jdihva_Raw.fbx
  artifactKey: Guid(879b8a9d264255a419b8a7995697ce29) Importer(815301076,1909f56bfc062723c751e8b465ee728b)
Start importing Assets/3_Model/broken_wood_piece_ud0jdihva_raw/Broken_Wood_Piece_ud0jdihva_Raw.fbx using Guid(879b8a9d264255a419b8a7995697ce29) Importer(815301076,1909f56bfc062723c751e8b465ee728b)  -> (artifact id: '58519bd7062e8725553317900b82bcdc') in 0.086472 seconds 
========================================================================
Received Import Request.
  Time since last request: 17.647458 seconds.
  path: Assets/3_Model/broken_wood_piece_ud0jdihva_raw/Broken_Wood_Piece_ud0jdihva_Raw.fbx
  artifactKey: Guid(879b8a9d264255a419b8a7995697ce29) Importer(815301076,1909f56bfc062723c751e8b465ee728b)
Start importing Assets/3_Model/broken_wood_piece_ud0jdihva_raw/Broken_Wood_Piece_ud0jdihva_Raw.fbx using Guid(879b8a9d264255a419b8a7995697ce29) Importer(815301076,1909f56bfc062723c751e8b465ee728b)  -> (artifact id: 'a605e401d863d8a44a5d68010c800307') in 0.042857 seconds 
========================================================================
Received Import Request.
  Time since last request: 11.276678 seconds.
  path: Assets/3_Model/broken_wood_piece_ud0jdihva_raw/Broken_Wood_Piece_ud0jdihva_Raw_4K_Cavity.jpg
  artifactKey: Guid(dda3dd591f5e7e64d81cba7a82f0b7dc) Importer(815301076,1909f56bfc062723c751e8b465ee728b)
Start importing Assets/3_Model/broken_wood_piece_ud0jdihva_raw/Broken_Wood_Piece_ud0jdihva_Raw_4K_Cavity.jpg using Guid(dda3dd591f5e7e64d81cba7a82f0b7dc) Importer(815301076,1909f56bfc062723c751e8b465ee728b)  -> (artifact id: 'ef37fdf53e74a668a8e8356899af6370') in 0.058611 seconds 
========================================================================
Received Import Request.
  Time since last request: 0.563755 seconds.
  path: Assets/3_Model/broken_wood_piece_ud0jdihva_raw/Broken_Wood_Piece_ud0jdihva_Raw_4K_Gloss.jpg
  artifactKey: Guid(557c473b6b04b6a4b9b983fc985fbfcd) Importer(815301076,1909f56bfc062723c751e8b465ee728b)
Start importing Assets/3_Model/broken_wood_piece_ud0jdihva_raw/Broken_Wood_Piece_ud0jdihva_Raw_4K_Gloss.jpg using Guid(557c473b6b04b6a4b9b983fc985fbfcd) Importer(815301076,1909f56bfc062723c751e8b465ee728b)  -> (artifact id: '787baa25d034a394eee6cec1c1d7c0ff') in 0.031371 seconds 
========================================================================
Received Import Request.
  Time since last request: 437.984845 seconds.
  path: Assets/3_Model/broken_wood_piece_ud0jdihva_raw/Materials
  artifactKey: Guid(a8534c8919a705a44a2f1767a0ee553d) Importer(815301076,1909f56bfc062723c751e8b465ee728b)
Start importing Assets/3_Model/broken_wood_piece_ud0jdihva_raw/Materials using Guid(a8534c8919a705a44a2f1767a0ee553d) Importer(815301076,1909f56bfc062723c751e8b465ee728b)  -> (artifact id: '62633cdd30154ef370c98c146ded31e2') in 0.010947 seconds 
