Using pre-set license
Built from '2021.3/staging' branch; Version is '2021.3.20f1 (577897200b8b) revision 5732503'; Using compiler version '192829333'; Build Type 'Release'
OS: 'Windows 11  (10.0.22631) 64bit Core' Language: 'zh' Physical Memory: 16226 MB
BatchMode: 1, IsHumanControllingUs: 0, StartBugReporterOnCrash: 0, Is64bit: 1, IsPro: 1

COMMAND LINE ARGUMENTS:
C:\Program Files\Unity\Hub\Editor\2021.3.20f1\Editor\Unity.exe
-adb2
-batchMode
-noUpm
-name
AssetImportWorker0
-projectPath
C:/Users/User/OneDrive - 國立臺中科技大學/桌面/2024edu/Chemical2024
-logFile
Logs/AssetImportWorker0.log
-srvPort
51640
Successfully changed project path to: C:/Users/User/OneDrive - 國立臺中科技大學/桌面/2024edu/Chemical2024
C:/Users/User/OneDrive - 國立臺中科技大學/桌面/2024edu/Chemical2024
[UnityMemory] Configuration Parameters - Can be set up in boot.config
    "memorysetup-bucket-allocator-granularity=16"
    "memorysetup-bucket-allocator-bucket-count=8"
    "memorysetup-bucket-allocator-block-size=33554432"
    "memorysetup-bucket-allocator-block-count=8"
    "memorysetup-main-allocator-block-size=16777216"
    "memorysetup-thread-allocator-block-size=16777216"
    "memorysetup-gfx-main-allocator-block-size=16777216"
    "memorysetup-gfx-thread-allocator-block-size=16777216"
    "memorysetup-cache-allocator-block-size=4194304"
    "memorysetup-typetree-allocator-block-size=2097152"
    "memorysetup-profiler-bucket-allocator-granularity=16"
    "memorysetup-profiler-bucket-allocator-bucket-count=8"
    "memorysetup-profiler-bucket-allocator-block-size=33554432"
    "memorysetup-profiler-bucket-allocator-block-count=8"
    "memorysetup-profiler-allocator-block-size=16777216"
    "memorysetup-profiler-editor-allocator-block-size=1048576"
    "memorysetup-temp-allocator-size-main=16777216"
    "memorysetup-job-temp-allocator-block-size=2097152"
    "memorysetup-job-temp-allocator-block-size-background=1048576"
    "memorysetup-job-temp-allocator-reduction-small-platforms=262144"
    "memorysetup-temp-allocator-size-background-worker=32768"
    "memorysetup-temp-allocator-size-job-worker=262144"
    "memorysetup-temp-allocator-size-preload-manager=33554432"
    "memorysetup-temp-allocator-size-nav-mesh-worker=65536"
    "memorysetup-temp-allocator-size-audio-worker=65536"
    "memorysetup-temp-allocator-size-cloud-worker=32768"
    "memorysetup-temp-allocator-size-gi-baking-worker=262144"
    "memorysetup-temp-allocator-size-gfx=262144"
Player connection [16560] Host "[IP] 192.168.56.1 [Port] 0 [Flags] 2 [Guid] 128962876 [EditorId] 128962876 [Version] 1048832 [Id] WindowsEditor(7,Shuo) [Debug] 1 [PackageName] WindowsEditor [ProjectName] Editor" joined multi-casting on [225.0.0.222:54997]...

Player connection [16560] Host "[IP] 192.168.56.1 [Port] 0 [Flags] 2 [Guid] 128962876 [EditorId] 128962876 [Version] 1048832 [Id] WindowsEditor(7,Shuo) [Debug] 1 [PackageName] WindowsEditor [ProjectName] Editor" joined alternative multi-casting on [225.0.0.222:34997]...

Refreshing native plugins compatible for Editor in 306.11 ms, found 16 plugins.
Preloading 1 native plugins for Editor in 1.38 ms.
Initialize engine version: 2021.3.20f1 (577897200b8b)
[Subsystems] Discovering subsystems at path C:/Program Files/Unity/Hub/Editor/2021.3.20f1/Editor/Data/Resources/UnitySubsystems
[Subsystems] Discovering subsystems at path C:/Users/User/OneDrive - 國立臺中科技大學/桌面/2024edu/Chemical2024/Assets
[Subsystems] No descriptors matched for  examples in Assets/MeshingFeaturePlugin/UnitySubsystemsManifest.json.
[Subsystems] No descriptors matched for  inputs in Assets/MeshingFeaturePlugin/UnitySubsystemsManifest.json.
[Subsystems] No descriptors matched for  displays in Assets/MeshingFeaturePlugin/UnitySubsystemsManifest.json.
[Subsystems] 1 'meshings' descriptors matched in Assets/MeshingFeaturePlugin/UnitySubsystemsManifest.json
GfxDevice: creating device client; threaded=0; jobified=0
Direct3D:
    Version:  Direct3D 11.0 [level 11.1]
    Renderer: NVIDIA GeForce GTX 1050 (ID=0x1c91)
    Vendor:   NVIDIA
    VRAM:     2981 MB
    Driver:   31.0.15.5244
Initialize mono
Mono path[0] = 'C:/Program Files/Unity/Hub/Editor/2021.3.20f1/Editor/Data/Managed'
Mono path[1] = 'C:/Program Files/Unity/Hub/Editor/2021.3.20f1/Editor/Data/MonoBleedingEdge/lib/mono/unityjit-win32'
Mono config path = 'C:/Program Files/Unity/Hub/Editor/2021.3.20f1/Editor/Data/MonoBleedingEdge/etc'
Using monoOptions --debugger-agent=transport=dt_socket,embedding=1,server=y,suspend=n,address=127.0.0.1:56768
Begin MonoManager ReloadAssembly
Registering precompiled unity dll's ...
Register platform support module: C:/Program Files/Unity/Hub/Editor/2021.3.20f1/Editor/Data/PlaybackEngines/AndroidPlayer/UnityEditor.Android.Extensions.dll
Register platform support module: C:/Program Files/Unity/Hub/Editor/2021.3.20f1/Editor/Data/PlaybackEngines/WindowsStandaloneSupport/UnityEditor.WindowsStandalone.Extensions.dll
Registered in 0.011973 seconds.
Native extension for WindowsStandalone target not found
Native extension for Android target not found
Android Extension - Scanning For ADB Devices 681 ms
Refreshing native plugins compatible for Editor in 234.72 ms, found 16 plugins.
Preloading 1 native plugins for Editor in 0.13 ms.
Mono: successfully reloaded assembly
- Completed reload, in  2.153 seconds
Domain Reload Profiling:
	ReloadAssembly (2154ms)
		BeginReloadAssembly (188ms)
			ExecutionOrderSort (0ms)
			DisableScriptedObjects (0ms)
			BackupInstance (0ms)
			ReleaseScriptingObjects (0ms)
			CreateAndSetChildDomain (1ms)
		EndReloadAssembly (1760ms)
			LoadAssemblies (186ms)
			RebuildTransferFunctionScriptingTraits (0ms)
			SetupTypeCache (228ms)
			ReleaseScriptCaches (0ms)
			RebuildScriptCaches (87ms)
			SetupLoadedEditorAssemblies (1335ms)
				LogAssemblyErrors (0ms)
				InitializePlatformSupportModulesInManaged (827ms)
				SetLoadedEditorAssemblies (0ms)
				RefreshPlugins (235ms)
				BeforeProcessingInitializeOnLoad (2ms)
				ProcessInitializeOnLoadAttributes (180ms)
				ProcessInitializeOnLoadMethodAttributes (90ms)
				AfterProcessingInitializeOnLoad (0ms)
				EditorAssembliesLoaded (0ms)
			ExecutionOrderSort2 (0ms)
			AwakeInstancesAfterBackupRestoration (0ms)
Platform modules already initialized, skipping
Registering precompiled user dll's ...
Registered in 0.031437 seconds.
Begin MonoManager ReloadAssembly
Native extension for WindowsStandalone target not found
Native extension for Android target not found
Refreshing native plugins compatible for Editor in 348.52 ms, found 16 plugins.
Preloading 1 native plugins for Editor in 0.17 ms.
System.Exception: Error! Visual Scripting: couldn't find visual scripting package
  at Unity.VisualScripting.PackageVersionUtility.get_version () [0x00043] in C:\Users\User\OneDrive - 國立臺中科技大學\桌面\2024edu\Chemical2024\Library\PackageCache\com.unity.visualscripting@1.9.1\Editor\VisualScripting.Core\Utilities\PackageVersionUtility.cs:31 
  at Unity.VisualScripting.BoltCoreManifest.get_version () [0x00000] in C:\Users\User\OneDrive - 國立臺中科技大學\桌面\2024edu\Chemical2024\Library\PackageCache\com.unity.visualscripting@1.9.1\Editor\VisualScripting.Core\Plugin\BoltCoreManifest.cs:11 
  at Unity.VisualScripting.PluginManifest.get_currentVersion () [0x00000] in C:\Users\User\OneDrive - 國立臺中科技大學\桌面\2024edu\Chemical2024\Library\PackageCache\com.unity.visualscripting@1.9.1\Editor\VisualScripting.Core\Plugins\PluginManifest.cs:33 
  at Unity.VisualScripting.PluginManifest.get_versionMismatch () [0x00000] in C:\Users\User\OneDrive - 國立臺中科技大學\桌面\2024edu\Chemical2024\Library\PackageCache\com.unity.visualscripting@1.9.1\Editor\VisualScripting.Core\Plugins\PluginManifest.cs:48 
  at Unity.VisualScripting.PluginContainer.Initialize () [0x00525] in C:\Users\User\OneDrive - 國立臺中科技大學\桌面\2024edu\Chemical2024\Library\PackageCache\com.unity.visualscripting@1.9.1\Editor\VisualScripting.Core\Plugins\PluginContainer.cs:208 
  at Unity.VisualScripting.PluginContainer.InitializeOnLoad () [0x00009] in C:\Users\User\OneDrive - 國立臺中科技大學\桌面\2024edu\Chemical2024\Library\PackageCache\com.unity.visualscripting@1.9.1\Editor\VisualScripting.Core\Plugins\PluginContainer.cs:32 
  at Unity.VisualScripting.VSUsageUtility.DoInitializeOnLoadCalls () [0x00034] in C:\Users\User\OneDrive - 國立臺中科技大學\桌面\2024edu\Chemical2024\Library\PackageCache\com.unity.visualscripting@1.9.1\Editor\VisualScripting.Core\Utilities\VSUsageUtility.cs:76 
  at Unity.VisualScripting.VSUsageUtility.set_isVisualScriptingUsed (System.Boolean value) [0x0002c] in C:\Users\User\OneDrive - 國立臺中科技大學\桌面\2024edu\Chemical2024\Library\PackageCache\com.unity.visualscripting@1.9.1\Editor\VisualScripting.Core\Utilities\VSUsageUtility.cs:114 
  at Unity.VisualScripting.VSUsageUtility.CheckAndSetIsVisualScriptingUsed () [0x00032] in C:\Users\User\OneDrive - 國立臺中科技大學\桌面\2024edu\Chemical2024\Library\PackageCache\com.unity.visualscripting@1.9.1\Editor\VisualScripting.Core\Utilities\VSUsageUtility.cs:48 
  at Unity.VisualScripting.VSUsageUtility..cctor () [0x00000] in C:\Users\User\OneDrive - 國立臺中科技大學\桌面\2024edu\Chemical2024\Library\PackageCache\com.unity.visualscripting@1.9.1\Editor\VisualScripting.Core\Utilities\VSUsageUtility.cs:22 
UnityEngine.StackTraceUtility:ExtractStackTrace ()
UnityEngine.DebugLogHandler:LogFormat (UnityEngine.LogType,UnityEngine.Object,string,object[])
UnityEngine.Logger:Log (UnityEngine.LogType,object)
UnityEngine.Debug:LogError (object)
UnityEditor.EditorAssemblies:ProcessInitializeOnLoadAttributes (System.Type[])

Package Manager log level set to [2]
System.Reflection.TargetInvocationException: Exception has been thrown by the target of an invocation. ---> System.NullReferenceException: Object reference not set to an instance of an object
  at Unity.XR.Oculus.OculusLoader.AssetPathToAbsolutePath (System.String assetPath) [0x0003d] in C:\Users\User\OneDrive - 國立臺中科技大學\桌面\2024edu\Chemical2024\Library\PackageCache\com.unity.xr.oculus@3.2.3\Runtime\OculusLoader.cs:296 
  at Unity.XR.Oculus.OculusLoader.EditorLoadOVRPlugin () [0x0007b] in C:\Users\User\OneDrive - 國立臺中科技大學\桌面\2024edu\Chemical2024\Library\PackageCache\com.unity.xr.oculus@3.2.3\Runtime\OculusLoader.cs:281 
  at (wrapper managed-to-native) System.Reflection.RuntimeMethodInfo.InternalInvoke(System.Reflection.RuntimeMethodInfo,object,object[],System.Exception&)
  at System.Reflection.RuntimeMethodInfo.Invoke (System.Object obj, System.Reflection.BindingFlags invokeAttr, System.Reflection.Binder binder, System.Object[] parameters, System.Globalization.CultureInfo culture) [0x0006a] in <88e4733ac7bc4ae1b496735e6b83bbd3>:0 
   --- End of inner exception stack trace ---
  at System.Reflection.RuntimeMethodInfo.Invoke (System.Object obj, System.Reflection.BindingFlags invokeAttr, System.Reflection.Binder binder, System.Object[] parameters, System.Globalization.CultureInfo culture) [0x00083] in <88e4733ac7bc4ae1b496735e6b83bbd3>:0 
  at System.Reflection.MethodBase.Invoke (System.Object obj, System.Object[] parameters) [0x00000] in <88e4733ac7bc4ae1b496735e6b83bbd3>:0 
  at UnityEditor.EditorAssemblies.ProcessInitializeOnLoadMethodAttributes () [0x000a5] in <6e08e61cfda04255b3972ba7f0515fae>:0 
UnityEngine.StackTraceUtility:ExtractStackTrace ()
UnityEngine.DebugLogHandler:LogFormat (UnityEngine.LogType,UnityEngine.Object,string,object[])
UnityEngine.Logger:Log (UnityEngine.LogType,object)
UnityEngine.Debug:LogError (object)
UnityEditor.EditorAssemblies:ProcessInitializeOnLoadMethodAttributes ()

Mono: successfully reloaded assembly
- Completed reload, in  6.229 seconds
Domain Reload Profiling:
	ReloadAssembly (6232ms)
		BeginReloadAssembly (665ms)
			ExecutionOrderSort (0ms)
			DisableScriptedObjects (19ms)
			BackupInstance (0ms)
			ReleaseScriptingObjects (0ms)
			CreateAndSetChildDomain (91ms)
		EndReloadAssembly (5108ms)
			LoadAssemblies (1064ms)
			RebuildTransferFunctionScriptingTraits (0ms)
			SetupTypeCache (1158ms)
			ReleaseScriptCaches (1ms)
			RebuildScriptCaches (245ms)
			SetupLoadedEditorAssemblies (2777ms)
				LogAssemblyErrors (0ms)
				InitializePlatformSupportModulesInManaged (56ms)
				SetLoadedEditorAssemblies (0ms)
				RefreshPlugins (349ms)
				BeforeProcessingInitializeOnLoad (261ms)
				ProcessInitializeOnLoadAttributes (1994ms)
				ProcessInitializeOnLoadMethodAttributes (103ms)
				AfterProcessingInitializeOnLoad (13ms)
				EditorAssembliesLoaded (0ms)
			ExecutionOrderSort2 (0ms)
			AwakeInstancesAfterBackupRestoration (12ms)
Platform modules already initialized, skipping
========================================================================
Worker process is ready to serve import requests
Launched and connected shader compiler UnityShaderCompiler.exe after 0.11 seconds
Refreshing native plugins compatible for Editor in 5.14 ms, found 16 plugins.
Preloading 1 native plugins for Editor in 0.18 ms.
Unloading 4872 Unused Serialized files (Serialized files now loaded: 0)
Unloading 88 unused Assets / (134.1 KB). Loaded Objects now: 5323.
Memory consumption went from 192.4 MB to 192.2 MB.
Total: 51.664500 ms (FindLiveObjects: 0.648900 ms CreateObjectMapping: 1.178500 ms MarkObjects: 49.571000 ms  DeleteObjects: 0.263900 ms)

AssetImportParameters requested are different than current active one (requested -> active):
  custom:video-decoder-ogg-theora: a1e56fd34408186e4bbccfd4996cb3dc -> 
  custom:container-muxer-webm: aa71ff27fc2769a1b78a27578f13a17b -> 
  custom:container-demuxer-webm: 4f35f7cbe854078d1ac9338744f61a02 -> 
  custom:video-encoder-webm-vp8: eb34c28f22e8b96e1ab97ce403110664 -> 
  custom:audio-encoder-webm-vorbis: bf7c407c2cedff20999df2af8eb42d56 -> 
  custom:framework-win-MediaFoundation: 216162199b28c13a410421893ffa2e32 -> 
  custom:container-demuxer-ogg: 62fdf1f143b41e24485cea50d1cbac27 -> 
  custom:video-decoder-webm-vp8: 9c59270c3fd7afecdb556c50c9e8de78 -> 
  custom:audio-decoder-ogg-vorbis: bf7c407c2cedff20999df2af8eb42d56 -> 
========================================================================
Received Import Request.
  Time since last request: 6829.415426 seconds.
  path: Assets/3_Model/Beach_Wood_Debris_ultkaj1iw_Raw.fbx
  artifactKey: Guid(0846588619b175e41a437e03534c96ac) Importer(815301076,1909f56bfc062723c751e8b465ee728b)
Start importing Assets/3_Model/Beach_Wood_Debris_ultkaj1iw_Raw.fbx using Guid(0846588619b175e41a437e03534c96ac) Importer(815301076,1909f56bfc062723c751e8b465ee728b)  -> (artifact id: '3f636c33a8bcb8877f57f8b1f5d082c6') in 0.326577 seconds 
========================================================================
Received Import Request.
  Time since last request: 7.316820 seconds.
  path: Assets/3_Model/Beach_Wood_Debris_ultkaj1iw_Raw.fbx
  artifactKey: Guid(0846588619b175e41a437e03534c96ac) Importer(815301076,1909f56bfc062723c751e8b465ee728b)
Start importing Assets/3_Model/Beach_Wood_Debris_ultkaj1iw_Raw.fbx using Guid(0846588619b175e41a437e03534c96ac) Importer(815301076,1909f56bfc062723c751e8b465ee728b)  -> (artifact id: '796983c758167f0260b6d48c6890a778') in 0.050153 seconds 
========================================================================
Received Import Request.
  Time since last request: 9.649241 seconds.
  path: Assets/3_Model/Beach_Wood_Debris_ultkaj1iw_Raw.fbx
  artifactKey: Guid(0846588619b175e41a437e03534c96ac) Importer(815301076,1909f56bfc062723c751e8b465ee728b)
Start importing Assets/3_Model/Beach_Wood_Debris_ultkaj1iw_Raw.fbx using Guid(0846588619b175e41a437e03534c96ac) Importer(815301076,1909f56bfc062723c751e8b465ee728b)  -> (artifact id: 'b22c3e73791447a92e46f2bead0101a0') in 0.046983 seconds 
========================================================================
Received Import Request.
  Time since last request: 7.589696 seconds.
  path: Assets/3_Model/Beach_Wood_Debris_ultkaj1iw_Raw.fbx
  artifactKey: Guid(0846588619b175e41a437e03534c96ac) Importer(815301076,1909f56bfc062723c751e8b465ee728b)
Start importing Assets/3_Model/Beach_Wood_Debris_ultkaj1iw_Raw.fbx using Guid(0846588619b175e41a437e03534c96ac) Importer(815301076,1909f56bfc062723c751e8b465ee728b)  -> (artifact id: '0c4d3ef2eccf2c06d973b43f119bcbb9') in 0.048064 seconds 
========================================================================
Received Import Request.
  Time since last request: 455.744963 seconds.
  path: Assets/3_Model/broken_wood_piece_ud0jdihva_raw
  artifactKey: Guid(540cb9dec54308d4e861145c29319598) Importer(815301076,1909f56bfc062723c751e8b465ee728b)
Start importing Assets/3_Model/broken_wood_piece_ud0jdihva_raw using Guid(540cb9dec54308d4e861145c29319598) Importer(815301076,1909f56bfc062723c751e8b465ee728b)  -> (artifact id: 'bff2ef4cccdfb828282c256527a54728') in 0.009279 seconds 
========================================================================
Received Import Request.
  Time since last request: 14.091058 seconds.
  path: Assets/Samples/XR Interaction Toolkit/2.5.4/Starter Assets/Models/XRControllerRight.fbx
  artifactKey: Guid(11cd62256b1d470f922b2c8e6446cc77) Importer(815301076,1909f56bfc062723c751e8b465ee728b)
Start importing Assets/Samples/XR Interaction Toolkit/2.5.4/Starter Assets/Models/XRControllerRight.fbx using Guid(11cd62256b1d470f922b2c8e6446cc77) Importer(815301076,1909f56bfc062723c751e8b465ee728b)  -> (artifact id: 'c191c3b6ee55e68c6ea3074b22e84571') in 0.087813 seconds 
========================================================================
Received Import Request.
  Time since last request: 0.112923 seconds.
  path: Assets/3_Model/broken_wood_piece_ud0jdihva_raw/Broken_Wood_Piece_ud0jdihva_Raw.fbx
  artifactKey: Guid(879b8a9d264255a419b8a7995697ce29) Importer(815301076,1909f56bfc062723c751e8b465ee728b)
Start importing Assets/3_Model/broken_wood_piece_ud0jdihva_raw/Broken_Wood_Piece_ud0jdihva_Raw.fbx using Guid(879b8a9d264255a419b8a7995697ce29) Importer(815301076,1909f56bfc062723c751e8b465ee728b)  -> (artifact id: 'a08d628bc1d0ce8a376d5652130fe950') in 0.116260 seconds 
========================================================================
Received Import Request.
  Time since last request: 0.000028 seconds.
  path: Assets/3_Model/Props/ChemLabEquipment2/Models/VialWithLabel.fbx
  artifactKey: Guid(47b00bd5e3918d64dae91ded2b9e794e) Importer(815301076,1909f56bfc062723c751e8b465ee728b)
Start importing Assets/3_Model/Props/ChemLabEquipment2/Models/VialWithLabel.fbx using Guid(47b00bd5e3918d64dae91ded2b9e794e) Importer(815301076,1909f56bfc062723c751e8b465ee728b)  -> (artifact id: 'ac695f8426716c9e6dda163ca3c4ca56') in 0.048076 seconds 
========================================================================
Received Import Request.
  Time since last request: 0.000044 seconds.
  path: Assets/3_Model/VRHand/vr cartoon hand/sources/fbx/controllers.fbx
  artifactKey: Guid(119301c5ea29e184b9200cdabe9ed166) Importer(815301076,1909f56bfc062723c751e8b465ee728b)
Start importing Assets/3_Model/VRHand/vr cartoon hand/sources/fbx/controllers.fbx using Guid(119301c5ea29e184b9200cdabe9ed166) Importer(815301076,1909f56bfc062723c751e8b465ee728b)  -> (artifact id: 'a52fdcadcba73c4bb9618599eb6a88b8') in 0.077741 seconds 
========================================================================
Received Import Request.
  Time since last request: 0.000032 seconds.
  path: Assets/Samples/XR Interaction Toolkit/2.5.4/Starter Assets/Tunneling Vignette/TunnelingVignetteHemisphere.fbx
  artifactKey: Guid(5833e680dc0f7ae47aec6b4286570484) Importer(815301076,1909f56bfc062723c751e8b465ee728b)
Start importing Assets/Samples/XR Interaction Toolkit/2.5.4/Starter Assets/Tunneling Vignette/TunnelingVignetteHemisphere.fbx using Guid(5833e680dc0f7ae47aec6b4286570484) Importer(815301076,1909f56bfc062723c751e8b465ee728b)  -> (artifact id: '4a92c8b36d39cc07b366a3cb6de48ddd') in 0.033658 seconds 
========================================================================
Received Import Request.
  Time since last request: 0.000021 seconds.
  path: Assets/3_Model/Props/ChemLabEquipment2/Models/Vial.fbx
  artifactKey: Guid(71ec186f6ce510e4d846b83d58943232) Importer(815301076,1909f56bfc062723c751e8b465ee728b)
Start importing Assets/3_Model/Props/ChemLabEquipment2/Models/Vial.fbx using Guid(71ec186f6ce510e4d846b83d58943232) Importer(815301076,1909f56bfc062723c751e8b465ee728b)  -> (artifact id: '6fad2e17abf2c17c05d85bae79f7048f') in 0.041736 seconds 
========================================================================
Received Import Request.
  Time since last request: 0.824450 seconds.
  path: Assets/3_Model/Layer lab/3D Casual Character/3D Characters Pro - Casual/FBX/Parts/Watch_1.fbx
  artifactKey: Guid(3a50571c82abd2b4cad52b3add41ff90) Importer(815301076,1909f56bfc062723c751e8b465ee728b)
Start importing Assets/3_Model/Layer lab/3D Casual Character/3D Characters Pro - Casual/FBX/Parts/Watch_1.fbx using Guid(3a50571c82abd2b4cad52b3add41ff90) Importer(815301076,1909f56bfc062723c751e8b465ee728b)  -> (artifact id: 'd3903bb3a99e78fd108a1105dbf42e9b') in 0.035336 seconds 
========================================================================
Received Import Request.
  Time since last request: 0.177109 seconds.
  path: Assets/3_Model/Layer lab/3D Casual Character/3D Characters Pro - Casual/FBX/Pose/Pose_01.fbx
  artifactKey: Guid(b378d4d9bf5f4de4490ece7a9bf33c66) Importer(815301076,1909f56bfc062723c751e8b465ee728b)
Start importing Assets/3_Model/Layer lab/3D Casual Character/3D Characters Pro - Casual/FBX/Pose/Pose_01.fbx using Guid(b378d4d9bf5f4de4490ece7a9bf33c66) Importer(815301076,1909f56bfc062723c751e8b465ee728b)  -> (artifact id: '0e4062f59abe3a2e2e7ac74718afd272') in 0.136896 seconds 
========================================================================
Received Import Request.
  Time since last request: 0.299475 seconds.
  path: Assets/3_Model/Layer lab/3D Casual Character/3D Characters Pro - Casual/FBX/Pose/Pose_05.fbx
  artifactKey: Guid(273b68d4b1fdfe7448eb7373abc681f9) Importer(815301076,1909f56bfc062723c751e8b465ee728b)
Start importing Assets/3_Model/Layer lab/3D Casual Character/3D Characters Pro - Casual/FBX/Pose/Pose_05.fbx using Guid(273b68d4b1fdfe7448eb7373abc681f9) Importer(815301076,1909f56bfc062723c751e8b465ee728b)  -> (artifact id: '5c0435de38418af4e6829766083c976e') in 0.113422 seconds 
========================================================================
Received Import Request.
  Time since last request: 0.000040 seconds.
  path: Assets/3_Model/Layer lab/3D Casual Character/3D Characters Pro - Casual/FBX/Parts/Watch_4.fbx
  artifactKey: Guid(81931381375b9dd4d95b6bb438c35e95) Importer(815301076,1909f56bfc062723c751e8b465ee728b)
Start importing Assets/3_Model/Layer lab/3D Casual Character/3D Characters Pro - Casual/FBX/Parts/Watch_4.fbx using Guid(81931381375b9dd4d95b6bb438c35e95) Importer(815301076,1909f56bfc062723c751e8b465ee728b)  -> (artifact id: '21eb79a7ecc597b9d548c708865103d1') in 0.037248 seconds 
========================================================================
Received Import Request.
  Time since last request: 0.268502 seconds.
  path: Assets/3_Model/Layer lab/3D Casual Character/3D Characters Pro - Casual/FBX/Pose/Pose_10.fbx
  artifactKey: Guid(4c9887549150c004e8a6acd9037ca4c2) Importer(815301076,1909f56bfc062723c751e8b465ee728b)
Start importing Assets/3_Model/Layer lab/3D Casual Character/3D Characters Pro - Casual/FBX/Pose/Pose_10.fbx using Guid(4c9887549150c004e8a6acd9037ca4c2) Importer(815301076,1909f56bfc062723c751e8b465ee728b)  -> (artifact id: '164fdb3637fd99bdf052b7d1957acb6c') in 0.140802 seconds 
========================================================================
Received Import Request.
  Time since last request: 0.665429 seconds.
  path: Assets/3_Model/Environment/TestModel/Model.fbx
  artifactKey: Guid(83d11675be4b71c4893e8303dee7ee04) Importer(815301076,1909f56bfc062723c751e8b465ee728b)
Start importing Assets/3_Model/Environment/TestModel/Model.fbx using Guid(83d11675be4b71c4893e8303dee7ee04) Importer(815301076,1909f56bfc062723c751e8b465ee728b)  -> (artifact id: '649f120d3ba4a723f05e6bfe8e042654') in 0.866090 seconds 
========================================================================
Received Import Request.
  Time since last request: 0.673566 seconds.
  path: Assets/3_Model/Props/GAS.fbx
  artifactKey: Guid(26a6ab549f404e2499836e18976bfbfb) Importer(815301076,1909f56bfc062723c751e8b465ee728b)
Start importing Assets/3_Model/Props/GAS.fbx using Guid(26a6ab549f404e2499836e18976bfbfb) Importer(815301076,1909f56bfc062723c751e8b465ee728b)  -> (artifact id: '35fa8e335eb3e8e19fb4c17a01e6fbd0') in 0.109373 seconds 
========================================================================
Received Import Request.
  Time since last request: 0.132430 seconds.
  path: Assets/3_Model/Props/rubber hose/rubber hose.fbx
  artifactKey: Guid(04ce346eca441c94ba4f981391d8ec02) Importer(815301076,1909f56bfc062723c751e8b465ee728b)
Start importing Assets/3_Model/Props/rubber hose/rubber hose.fbx using Guid(04ce346eca441c94ba4f981391d8ec02) Importer(815301076,1909f56bfc062723c751e8b465ee728b)  -> (artifact id: '41a6f8a15fa22ca8febef44f60ad38c3') in 0.088021 seconds 
========================================================================
Received Import Request.
  Time since last request: 1.105627 seconds.
  path: Assets/3_Model/Props/baking soda/powder.fbx
  artifactKey: Guid(b28ea2491e4296449b504f8b12b50cff) Importer(815301076,1909f56bfc062723c751e8b465ee728b)
Start importing Assets/3_Model/Props/baking soda/powder.fbx using Guid(b28ea2491e4296449b504f8b12b50cff) Importer(815301076,1909f56bfc062723c751e8b465ee728b)  -> (artifact id: 'ba1ac16d45b6e3da404c44483f8ddefb') in 7.947160 seconds 
